
 ****** Best Param Values For Highest Fitness ******
 Param #:            1 Best Value =   0.180365603375270     
 Param #:            2 Best Value =   0.843554031021355     
 Param #:            3 Best Value =   0.000000000000000E+000
 
 ****** Best Outdata Values For Highest Fitness ******
   16.9457898259163     
   17.0023386240006     
   17.0588874220848     
   17.1154362201691     
   17.1719850182533     
   17.2096842169762     
   17.2285338163376     
   17.3227818131447     
   17.3793306112289     
   17.4547290086746     
   17.5301274061203     
   17.6432250022888     
   17.7563225984573     
   17.8505705952644     
   17.9636681914330     
   18.0956153869629     
   18.1898633837700     
   18.2841113805771     
   18.3972089767456     
   18.5103065729141     
   18.5857049703598     
   18.6611033678055     
   18.7553513646126     
   18.8495993614197     
   12.7046299695969     
   12.8177275657654     
   12.9308251619339     
   13.0816219568253     
   13.3266667485237     
   13.4397643446922     
   13.4774635434151     
   13.4963131427765     
   13.5340123414993     
   13.6094107389450     
   13.6848091363907     
   13.7413579344749     
   13.8733051300049     
   13.9864027261734     
   14.0995003223419     
   14.1937483191490     
   14.3068459153175     
   14.4764923095703     
   14.6461387038231     
   14.8534842967987     
   15.0231306910515     
   15.1362282872200     
   15.3247242808342     
   9.21745408773422     
   9.38710048198700     
   9.55674687623978     
   9.72639327049255     
   9.89603966474533     
   10.1976332545280     
   10.4426780462265     
   10.6500236392021     
   10.8196700334549     
   10.9893164277077     
   11.1778124213219     
   11.2532108187675     
   11.4228572130203     
   11.6302028059959     
   11.7809996008873     
   11.9129467964172     
   12.0260443925858     
   12.1956907868385     
   12.3276379823685     
   6.25806698799133     
   6.39001418352127     
   6.59735977649689     
   6.99320136308670     
   7.14399815797806     
   7.20054695606232     
   7.29479495286941     
   7.37019335031509     
   7.46444134712219     
  0.416440365217168     
  0.180365603375270     
  0.843554031021355     
