
 ****** Best Param Values For Highest Fitness ******
 Param #:            1 Best Value =   0.159594418292376     
 Param #:            2 Best Value =   -1.35677159402156     
 Param #:            3 Best Value =   0.000000000000000E+000
 
 ****** Best Outdata Values For Highest Fitness ******
   17.0965866208076     
   17.1154362201691     
   17.1342858195305     
   17.1342858195305     
   17.1531354188919     
   17.1719850182533     
   17.1908346176147     
   17.2850826144218     
   17.4170298099518     
   17.5112778067589     
   17.6055258035660     
   17.6809242010117     
   17.7563225984573     
   17.9825177907944     
   18.0579161882400     
   18.1710137844086     
   18.2652617812157     
   18.3406601786613     
   18.4349081754684     
   18.5103065729141     
   18.5480057716370     
   18.6234041690826     
   18.6799529671669     
   18.7742009639740     
   18.8495993614197     
   12.6857803702354     
   12.7988779664040     
   12.9119755625725     
   13.0250731587410     
   13.1381707549095     
   13.2701179504395     
   13.3832155466080     
   13.5340123414993     
   13.6659595370293     
   13.7602075338364     
   13.8167563319206     
   13.9110043287277     
   14.0429515242577     
   14.1748987197876     
   14.3068459153175     
   14.4387931108475     
   14.5518907070160     
   14.6461387038231     
   14.7403867006302     
   14.8534842967987     
   14.9854314923286     
   15.1362282872200     
   15.2493258833885     
   15.3812730789185     
   15.4943706750870     
   9.34940128326416     
   9.51904767751694     
   9.63214527368546     
   9.76409246921539     
   9.93373886346817     
   10.0279868602753     
   10.1599340558052     
   10.9327676296234     
  0.498487288546823     
  0.159594418292376     
  -1.35677159402156     
