
 ****** Best Param Values For Highest Fitness ******
 Param #:            1 Best Value =   0.178552845404399     
 Param #:            2 Best Value =   -2.74887303522518     
 Param #:            3 Best Value =   0.000000000000000E+000
 
 ****** Best Outdata Values For Highest Fitness ******
   17.4735786080360     
   17.5112778067589     
   17.5866762042046     
   17.6243754029274     
   17.7374729990959     
   17.9259689927101     
   18.0767657876015     
   18.2275625824928     
   18.3783593773842     
   18.5480057716370     
   18.6988025665283     
   18.8495993614197     
   12.7800283670425     
   12.9119755625725     
   13.0627723574638     
   13.3455163478851     
   13.4774635434151     
   13.5528619408607     
   13.7790571331978     
   13.8921547293663     
   14.0052523255348     
   14.0429515242577     
   14.0618011236191     
   14.0806507229805     
   14.1560491204262     
   14.2502971172333     
   14.3633947134018     
   14.4576427102089     
   14.5518907070160     
   14.6649883031845     
   14.7780858993530     
   14.9477322936058     
   15.1362282872200     
   15.2870250821114     
   15.4566714763641     
   15.6074682712555     
   15.7582650661469     
   15.9656106591225     
   9.78294206857681     
   10.6311740398407     
   10.8008204340935     
   10.9139180302620     
   11.0458652257919     
   11.2532108187675     
   11.4605564117432     
   11.6867516040802     
   11.9317963957787     
   12.2145403862000     
   6.22036778926849     
   6.48426218032837     
   6.76700617074966     
   7.04975016117096     
   7.12514855861664     
   7.53983974456787     
   7.69063653945923     
   7.86028293371201     
   7.95453093051910     
   8.02992932796478     
   8.10532772541046     
  0.472505754947205     
  0.178552845404399     
  -2.74887303522518     
