
 ****** Best Param Values For Highest Fitness ******
 Param #:            1 Best Value =   0.235352595158349     
 Param #:            2 Best Value =    5.52540593724012     
 Param #:            3 Best Value =   0.000000000000000E+000
 
 ****** Best Outdata Values For Highest Fitness ******
   14.6272891044617     
   14.6084395051003     
   14.5707403063774     
   14.5330411076546     
   14.4953419089317     
   14.4764923095703     
   14.4199435114861     
   14.3633947134018     
   14.3068459153175     
   14.2502971172333     
   14.1937483191490     
   14.1183499217033     
   14.0618011236191     
   13.9864027261734     
   13.9110043287277     
   13.8544555306435     
   13.7602075338364     
   13.7036587357521     
   13.6282603383064     
   13.5717115402222     
   13.4963131427765     
   13.4397643446922     
   13.4020651459694     
   13.3455163478851     
   13.2889675498009     
   13.2324187517166     
   13.1381707549095     
   13.0439227581024     
   12.9685243606567     
   12.8742763638496     
   12.7988779664040     
   12.7423291683197     
   12.6857803702354     
   12.6103819727898     
   12.5726827740669     
   12.4972843766212     
   12.4407355785370     
   12.3841867804527     
   12.3653371810913     
   12.3653371810913     
   12.3087883830070     
   12.2522395849228     
   12.1956907868385     
   12.1202923893929     
   12.0260443925858     
   11.9694955945015     
   11.9129467964172     
   11.8375483989716     
   11.7809996008873     
   11.7056012034416     
   11.6490524053574     
   11.5548044085503     
   11.4982556104660     
   11.4228572130203     
   11.3663084149361     
   11.1212636232376     
   11.0647148251534     
   10.9704668283463     
   10.9139180302620     
   10.8385196328163     
   10.7819708347321     
   10.6877228379250     
   10.6123244404793     
   10.5369260430336     
   10.4426780462265     
   10.3484300494194     
   10.2353324532509     
   10.1410844564438     
   10.0468364596367     
   9.95258846282959     
   9.85834046602249     
   9.78294206857681     
   9.66984447240830     
   9.57559647560120     
   9.44364928007126     
   9.33055168390274     
   9.25515328645706     
   9.12320609092712     
   8.82161250114441     
   8.74621410369873     
   8.67081570625305     
   8.53886851072311     
   8.40692131519318     
   8.29382371902466     
   8.19957572221756     
   8.10532772541046     
   8.01107972860336     
   7.95453093051910     
   7.87913253307343     
   7.78488453626633     
   7.70948613882065     
   7.63408774137497     
   7.55868934392929     
   7.48329094648361     
   7.37019335031509     
   7.23824615478516     
   7.12514855861664     
   7.03090056180954     
   6.95550216436386     
   6.84240456819534     
   6.72930697202682     
   6.61620937585831     
   6.46541258096695     
   6.33346538543701     
   6.20151818990707     
   6.08842059373856     
   5.93762379884720     
   5.84337580204010     
   5.74912780523300     
   5.61718060970306     
   5.52293261289597     
   5.40983501672745     
   5.31558701992035     
   5.24018862247467     
   5.16479022502899     
  0.771296809134875     
  0.235352595158349     
   5.52540593724012     
