
 ****** Best Param Values For Highest Fitness ******
 Param #:            1 Best Value =   0.169640118714285     
 Param #:            2 Best Value =    3.39909562298296     
 Param #:            3 Best Value =   0.000000000000000E+000
 
 ****** Best Outdata Values For Highest Fitness ******
   17.5489770054817     
   17.6055258035660     
   17.6432250022888     
   17.6809242010117     
   17.7186233997345     
   17.7186233997345     
   17.7563225984573     
   17.8128713965416     
   17.9259689927101     
   18.0579161882400     
   18.2087129831314     
   18.3406601786613     
   18.5103065729141     
   18.6988025665283     
   18.8495993614197     
   12.8177275657654     
   12.9119755625725     
   13.0816219568253     
   13.2324187517166     
   13.4020651459694     
   13.5717115402222     
   13.6848091363907     
   13.9110043287277     
   14.0806507229805     
   14.2125979185104     
   14.3633947134018     
   14.5330411076546     
   14.6838379025459     
   14.8346346974373     
   14.9665818929672     
   15.1550778865814     
   15.3247242808342     
   15.5132202744484     
   15.7017162680626     
   15.8713626623154     
   15.9844602584839     
   9.85834046602249     
   9.91488926410675     
   10.0468364596367     
   10.1599340558052     
   10.3295804500580     
   10.7631212353706     
   10.9516172289848     
   11.1778124213219     
   11.4040076136589     
   11.6113532066345     
   11.8186987996101     
   12.0071947932243     
   6.12611979246140     
   6.44656298160553     
   6.74815657138824     
   6.97435176372528     
   7.23824615478516     
   7.69063653945923     
   7.95453093051910     
   8.06762852668762     
   8.12417732477188     
   8.18072612285614     
   8.21842532157898     
   8.25612452030182     
  0.493939720395466     
  0.169640118714285     
   3.39909562298296     
