
 ****** Best Param Values For Highest Fitness ******
 Param #:            1 Best Value =    565.838355013695     
 Param #:            2 Best Value =   -3.26947295435298     
 Param #:            3 Best Value =   -3.83115520595708     
 Param #:            4 Best Value =    1.25885970199358     
 Param #:            5 Best Value =    8.68384310793387     
 Param #:            6 Best Value =    3.08422152878974     
 
 ****** Best Outdata Values For Highest Fitness ******
   7.67178694009781     
   7.70948613882065     
   7.78488453626633     
   7.86028293371201     
   7.93568133115768     
   8.01107972860336     
   8.08647812604904     
   8.14302692413330     
   8.21842532157898     
   8.31267331838608     
   8.40692131519318     
   8.50116931200028     
   8.59541730880737     
   8.74621410369873     
   9.38710048198700     
   9.50019807815552     
   9.63214527368546     
   9.72639327049255     
   9.82064126729965     
   9.93373886346817     
   10.0279868602753     
   10.1033852577209     
   10.1599340558052     
   10.2164828538895     
   10.2918812513351     
   10.3672796487808     
   10.4238284468651     
   10.4803772449493     
   10.5369260430336     
   10.5934748411179     
   10.6500236392021     
   10.7065724372864     
   10.7442716360092     
   10.8008204340935     
   10.8385196328163     
   10.8950684309006     
   10.9516172289848     
   11.0081660270691     
   11.0647148251534     
   11.1024140238762     
   11.1589628219604     
   11.1966620206833     
   11.2532108187675     
   11.2909100174904     
   11.3286092162132     
   11.3663084149361     
   11.4228572130203     
   11.4794060111046     
   11.5171052098274     
   11.5736540079117     
   11.6302028059959     
   11.6867516040802     
   11.7433004021645     
   11.7998492002487     
   11.8563979983330     
   11.9129467964172     
   11.9694955945015     
   12.0448939919472     
   12.1014427900314     
   12.1579915881157     
   12.2145403862000     
   12.2899387836456     
   12.3464875817299     
   12.4030363798141     
   12.4595851778984     
   12.5161339759827     
   12.5538331747055     
   12.6103819727898     
   12.6669307708740     
   12.7234795689583     
   12.7800283670425     
   12.8365771651268     
   12.8931259632111     
   12.9308251619339     
   12.9873739600182     
   13.0439227581024     
   13.1004715561867     
   13.1570203542709     
   13.1947195529938     
   13.2512683510780     
   13.3078171491623     
   13.3643659472466     
   13.4209147453308     
   13.4586139440536     
   13.5340123414993     
   13.5905611395836     
   13.6282603383064     
   13.6659595370293     
   13.7225083351135     
   13.7790571331978     
   13.8356059312820     
   13.8733051300049     
   13.9110043287277     
   13.9487035274506     
   13.9864027261734     
   14.0429515242577     
   14.0806507229805     
   14.1183499217033     
   14.1560491204262     
   14.1748987197876     
   14.1748987197876     
   14.1937483191490     
   14.2125979185104     
   14.2314475178719     
  0.283888568186038     
  0.206000000238419     
  -3.26947295435298     
  -3.83115520595708     
  0.000000000000000E+000
  0.000000000000000E+000
  0.000000000000000E+000
 
 Alltimebest Value =   0.283888568186038     
 
          0.018850          7.879133          7.106299          7.671787
          0.018850          7.935681          7.162848          7.709486
          0.018850          7.973381          7.238246          7.784885
          0.018850          8.029929          7.294795          7.860283
          0.018850          8.105328          7.351344          7.935681
          0.018850          8.161877          7.407893          8.011080
          0.018850          8.218425          7.464441          8.086478
          0.018850          8.312673          7.539840          8.143027
          0.018850          8.369222          7.577539          8.218425
          7.313645          8.444621          7.652937          8.312673
          7.370193          8.520019          7.766035          8.406921
          7.407893          8.614267          7.841433          8.501169
          7.464441          8.689665          7.935681          8.595417
          7.502141          8.765064          8.029929          8.746214
          7.520990          8.840462          8.124177          9.387100
          7.558689          8.915860          8.237275          9.500198
          7.615238          8.991259          8.350373          9.632145
          7.671787          9.047808          8.406921          9.726393
          7.747185          9.104356          8.501169          9.820641
          7.822584          9.142056          8.614267          9.933739
          7.897982          9.236304          8.746214         10.027987
          7.992230          9.292852          8.859312         10.103385
          8.067629          9.349401          8.972409         10.159934
          8.124177          9.405950          9.085507         10.216483
          8.199576          9.481348          9.198604         10.291881
          8.256125          9.537897          9.274003         10.367280
          8.331523          9.613296          9.349401         10.423828
          8.388072          9.669844          9.462499         10.480377
          8.444621          9.726393          9.556747         10.536926
          8.538869          9.782942          9.650995         10.593475
          8.614267          9.839491          9.726393         10.650024
          8.689665          9.896040          9.820641         10.706572
          8.765064          9.952588          9.896040         10.744272
          8.821613          9.990288          9.971438         10.800820
          8.897011         10.046836         10.046836         10.838520
          8.972409         10.103385         10.122235         10.895068
          9.028958         10.159934         10.197633         10.951617
          9.104356         10.216483         10.273032         11.008166
          9.160905         10.291881         10.329580         11.064715
          9.198604         10.367280         10.404979         11.102414
          9.255153         10.423828         10.536926         11.158963
          9.311702         10.499227         10.612324         11.196662
          9.368251         10.555776         10.687723         11.253211
          9.424800         10.612324         10.781971         11.290910
          9.481348         10.668873         10.857369         11.328609
          9.537897         10.744272         10.932768         11.366308
          9.613296         10.819670         11.008166         11.422857
          9.688694         10.876219         11.083564         11.479406
          9.726393         10.951617         11.158963         11.517105
          9.801792         11.027016         11.234361         11.573654
          9.858340         11.083564         11.328609         11.630203
          9.914889         11.158963         11.385158         11.686752
          9.971438         11.215512         11.479406         11.743300
         10.009137         11.272060         11.554804         11.799849
         10.065686         11.328609         11.611353         11.856398
         10.122235         11.762150         11.667902         11.912947
         10.178784         11.818699         11.743300         11.969496
         10.235332         11.875248         11.818699         12.044894
         10.291881         11.950646         11.875248         12.101443
         10.329580         12.007195         11.950646         12.157992
         10.386129         12.101443         12.026044         12.214540
         10.461528         12.195691         12.082593         12.289939
         10.499227         12.271089         12.157992         12.346488
         10.555776         12.346488         12.233390         12.403036
         10.631174         12.421886         12.289939         12.459585
         10.687723         12.478435         12.346488         12.516134
         10.744272         12.553833         12.403036         12.553833
         10.819670         12.610382         12.459585         12.610382
         11.366308         12.648081         12.516134         12.666931
         11.422857         13.025073         12.572683         12.723480
         11.498256         13.081622         12.629232         12.780028
         11.592504         13.119321         12.685780         12.836577
         11.686752         13.157020         12.723480         12.893126
         11.762150         13.213569         12.780028         12.930825
         11.837548         13.251268         12.836577         12.987374
         11.894097         13.288968         12.893126         13.043923
         11.950646         13.345516         12.930825         13.100472
         12.421886         13.383216         12.987374         13.157020
         12.459585         13.420915         13.025073         13.194720
         12.497284         13.458614         13.081622         13.251268
         12.553833         13.515163         13.138171         13.307817
         12.591532         13.552862         13.194720         13.364366
         12.648081         13.590561         13.270118         13.420915
         12.704630         13.628260         13.326667         13.458614
         12.780028         13.665960         13.383216         13.534012
         12.817728         13.722508         13.439764         13.590561
         12.874276         13.760208         13.496313         13.628260
         12.930825         13.797907         13.552862         13.665960
         12.968524         13.873305         13.590561         13.722508
         13.025073         13.929854         13.628260         13.779057
         13.081622         13.967553         13.665960         13.835606
         13.138171         13.986403          0.206000         13.873305
         13.194720         14.024102         -3.269473         13.911004
         13.251268         14.080651         -3.831155         13.948704
         13.307817         14.118350          0.000000         13.986403
          0.206000         14.174899          0.000000         14.042952
         -3.269473         14.212598          0.000000         14.080651
         -3.831155         14.250297          0.000000         14.118350
          0.000000         14.269147          0.000000         14.156049
          0.000000         14.269147          0.000000         14.174899
          0.000000         14.287996          0.000000         14.174899
          0.000000         14.306846          0.000000         14.193748
          0.000000         14.325696          0.000000         14.212598
          0.000000         14.344545          0.000000         14.231448
          0.000000          0.206000          0.000000          0.206000
          0.000000         -3.269473          0.000000         -3.269473
          0.000000         -3.831155          0.000000         -3.831155
          0.000000          0.000000          0.000000          0.000000
          0.000000          0.000000          0.000000          0.000000
          0.000000          0.000000          0.000000          0.000000
