
 ****** Best Param Values For Highest Fitness ******
 Param #:            1 Best Value =   0.229461131753019     
 Param #:            2 Best Value =   -2.64916329012520     
 Param #:            3 Best Value =   0.000000000000000E+000
 
 ****** Best Outdata Values For Highest Fitness ******
   6.46541258096695     
   6.52196137905121     
   6.59735977649689     
   6.67275817394257     
   6.74815657138824     
   6.82355496883392     
   6.88010376691818     
   6.95550216436386     
   7.03090056180954     
   7.10629895925522     
   7.21939655542374     
   7.31364455223084     
   7.40789254903793     
   7.53983974456787     
   8.19957572221756     
   8.31267331838608     
   8.44462051391602     
   8.53886851072311     
   8.63311650753021     
   8.72736450433731     
   8.84046210050583     
   8.91586049795151     
   8.97240929603577     
   9.02895809412002     
   9.10435649156570     
   9.17975488901138     
   9.23630368709564     
   9.29285248517990     
   9.34940128326416     
   9.40595008134842     
   9.46249887943268     
   9.50019807815552     
   9.55674687623978     
   9.59444607496262     
   9.65099487304687     
   9.70754367113113     
   9.76409246921539     
   9.82064126729965     
   9.85834046602249     
   9.91488926410675     
   9.97143806219101     
   10.0091372609138     
   10.0656860589981     
   10.1033852577209     
   10.1222348570824     
   10.1787836551666     
   10.2353324532509     
   10.2918812513351     
   10.3295804500580     
   10.3861292481422     
   10.4426780462265     
   10.4992268443108     
   10.5557756423950     
   10.6123244404793     
   10.6688732385635     
   10.7254220366478     
   10.7819708347321     
   10.8573692321777     
   10.8950684309006     
   10.9704668283463     
   11.0270156264305     
   11.1024140238762     
   11.1589628219604     
   11.1966620206833     
   11.2720604181290     
   11.3097596168518     
   11.3663084149361     
   11.4228572130203     
   11.4794060111046     
   11.5359548091888     
   11.5925036072731     
   11.6490524053574     
   11.7056012034416     
   11.7433004021645     
   11.7998492002487     
   11.8563979983330     
   11.9129467964172     
   11.9694955945015     
   12.0071947932243     
   12.0637435913086     
   12.1202923893929     
   12.1768411874771     
   12.2333899855614     
   12.2710891842842     
   12.3464875817299     
   12.4030363798141     
   12.4407355785370     
   12.4784347772598     
   12.5349835753441     
   12.5915323734283     
   12.6292315721512     
   12.6857803702354     
   12.7234795689583     
   12.7611787676811     
   12.7988779664040     
   12.8554267644882     
   12.8931259632111     
   12.9308251619339     
   12.9685243606567     
   12.9873739600182     
   12.9873739600182     
   13.0062235593796     
   13.0250731587410     
   13.0439227581024     
   1.64957852707167     
  0.229461131753019     
  -2.64916329012520     
