
 ****** Best Param Values For Highest Fitness ******
 Param #:            1 Best Value =    8.99052040497135     
 Param #:            2 Best Value =   -3.85488420779578     
 Param #:            3 Best Value =   0.000000000000000E+000
 
 ****** Best Outdata Values For Highest Fitness ******
   14.3633947134018     
   14.3445451140404     
   14.3445451140404     
   14.3256955146790     
   14.3068459153175     
   14.2879963159561     
   14.2691467165947     
   14.2314475178719     
   14.1937483191490     
   14.1371995210648     
   14.0995003223419     
   14.0429515242577     
   14.0052523255348     
   13.9864027261734     
   13.9487035274506     
   13.8921547293663     
   13.8356059312820     
   13.7790571331978     
   13.7413579344749     
   13.6848091363907     
   13.6471099376678     
   13.6094107389450     
   13.5717115402222     
   13.5340123414993     
   13.4963131427765     
   13.4586139440536     
   13.4020651459694     
   13.3643659472466     
   13.3078171491623     
   13.2701179504395     
   13.2324187517166     
   13.1758699536324     
   13.1381707549095     
   13.1004715561867     
   13.0627723574638     
   12.6669307708740     
   12.6292315721512     
   12.5726827740669     
   12.5161339759827     
   12.4595851778984     
   12.3841867804527     
   12.3087883830070     
   12.2145403862000     
   12.1391419887543     
   12.0448939919472     
   11.9694955945015     
   11.8940971970558     
   11.8375483989716     
   11.7809996008873     
   11.3474588155746     
   11.2909100174904     
   11.2343612194061     
   11.1778124213219     
   11.1212636232376     
   11.0458652257919     
   10.9893164277077     
   10.9139180302620     
   10.8385196328163     
   10.7631212353706     
   10.6877228379250     
   10.6311740398407     
   10.5746252417564     
   10.5180764436722     
   10.4615276455879     
   10.3861292481422     
   10.3107308506966     
   10.2353324532509     
   10.1787836551666     
   10.1222348570824     
   10.0656860589981     
   10.0091372609138     
   9.97143806219101     
   9.91488926410675     
   9.85834046602249     
   9.82064126729965     
   9.74524286985397     
   9.68869407176971     
   9.63214527368546     
   9.57559647560120     
   9.51904767751694     
   9.44364928007126     
   9.38710048198700     
   9.31170208454132     
   9.25515328645706     
   9.17975488901138     
   9.12320609092712     
   9.06665729284287     
   9.01010849475861     
   8.93471009731293     
   8.85931169986725     
   8.78391330242157     
   8.72736450433731     
   8.63311650753021     
   8.55771811008453     
   8.46347011327743     
   8.38807171583176     
   8.33152291774750     
   8.25612452030182     
   8.18072612285614     
   8.12417732477188     
   8.06762852668762     
   7.99223012924194     
   7.95453093051910     
   7.91683173179626     
  0.987912410126702     
  0.206000000238419     
  -3.85488420779578     
