
 ****** Best Param Values For Highest Fitness ******
 Param #:            1 Best Value =   0.150455096855903     
 Param #:            2 Best Value =    5.14660478061509     
 Param #:            3 Best Value =   0.000000000000000E+000
 
 ****** Best Outdata Values For Highest Fitness ******
   16.8892410278320     
   16.9646394252777     
   17.0400378227234     
   17.1531354188919     
   17.2662330150604     
   17.3227818131447     
   17.3981802105904     
   17.4924282073975     
   17.7374729990959     
   17.8694201946259     
   17.9636681914330     
   18.0956153869629     
   18.2275625824928     
   18.3406601786613     
   18.4726073741913     
   18.5857049703598     
   18.6799529671669     
   18.7930505633354     
   18.8495993614197     
   12.7046299695969     
   12.8365771651268     
   12.9685243606567     
   13.1193211555481     
   13.2701179504395     
   13.4209147453308     
   13.5717115402222     
   13.7225083351135     
   13.8733051300049     
   14.0241019248962     
   14.1560491204262     
   14.2879963159561     
   14.4387931108475     
   14.5707403063774     
   14.7026875019073     
   14.8157850980759     
   14.9477322936058     
   15.0985290884972     
   15.2304762840271     
   9.10435649156570     
   9.27400288581848     
   9.42479968070984     
   9.59444607496262     
   9.76409246921539     
   9.95258846282959     
   10.2353324532509     
   10.4615276455879     
   10.5369260430336     
   10.6311740398407     
   10.6877228379250     
  0.586416836731761     
  0.150455096855903     
   5.14660478061509     
