
 ****** Best Param Values For Highest Fitness ******
 Param #:            1 Best Value =   0.204837835982025     
 Param #:            2 Best Value =   0.974614820974891     
 Param #:            3 Best Value =   0.000000000000000E+000
 
 ****** Best Outdata Values For Highest Fitness ******
   16.1164074540138     
   16.0975578546524     
   16.0598586559296     
   16.0221594572067     
   16.0033098578453     
   15.8148138642311     
   15.7771146655083     
   15.7205658674240     
   15.7017162680626     
   15.6640170693398     
   15.6074682712555     
   15.5509194731712     
   15.4755210757256     
   15.4189722776413     
   15.3435738801956     
   15.2681754827499     
   15.1927770853043     
   15.0985290884972     
   15.0042810916901     
   14.9288826942444     
   14.8534842967987     
   14.7780858993530     
   14.6838379025459     
   14.6084395051003     
   14.5141915082932     
   14.4387931108475     
   14.3633947134018     
   14.2691467165947     
   14.1937483191490     
   14.0995003223419     
   14.0241019248962     
   13.9675531268120     
   13.8733051300049     
   13.7979067325592     
   13.7225083351135     
   13.6471099376678     
   13.5905611395836     
   13.5340123414993     
   13.3266667485237     
   13.2701179504395     
   13.2135691523552     
   13.1381707549095     
   13.0627723574638     
   13.0062235593796     
   12.9496747612953     
   12.8742763638496     
   12.8177275657654     
   12.7611787676811     
   12.7046299695969     
   12.6480811715126     
   12.5915323734283     
   12.5538331747055     
   12.5161339759827     
   12.4595851778984     
   12.4030363798141     
   12.3087883830070     
   12.2333899855614     
   12.1579915881157     
   12.0637435913086     
   11.9694955945015     
   11.8940971970558     
   11.8186987996101     
   11.7433004021645     
   11.6490524053574     
   11.5925036072731     
   11.5171052098274     
   11.4417068123817     
   11.3663084149361     
   11.2720604181290     
   11.1778124213219     
   11.0835644245148     
   11.0081660270691     
   10.9327676296234     
   10.8385196328163     
   10.7442716360092     
   10.6877228379250     
   10.5934748411179     
   10.5180764436722     
   10.4238284468651     
   10.3484300494194     
   10.2541820526123     
   10.1787836551666     
   10.1033852577209     
   10.0656860589981     
   10.0091372609138     
   9.93373886346817     
   9.85834046602249     
   9.78294206857681     
   9.70754367113113     
   9.65099487304687     
   9.57559647560120     
   9.51904767751694     
   9.14205569028854     
   9.02895809412002     
   8.89701089859009     
   8.78391330242157     
   8.65196610689163     
   8.52001891136169     
   8.38807171583176     
   8.27497411966324     
   8.21842532157898     
   8.10532772541046     
   7.99223012924194     
   7.87913253307343     
   7.74718533754349     
   7.25709575414658     
   7.10629895925522     
   6.97435176372528     
   6.84240456819534     
   6.74815657138824     
   6.63505897521973     
   6.54081097841263     
   6.48426218032837     
   6.40886378288269     
   1.14093659500690     
  0.204837835982025     
  0.974614820974891     
