
 ****** Best Param Values For Highest Fitness ******
 Param #:            1 Best Value =   0.659386897177865     
 Param #:            2 Best Value =   -6.12328090882041     
 Param #:            3 Best Value =   5.432170350420765E-002
 Param #:            4 Best Value =    9.72671300287630     
 
 ****** Best Outdata Values For Highest Fitness ******
   18.3783593773842     
   18.3972089767456     
   18.4160585761070     
   18.4160585761070     
   18.4349081754684     
   18.4349081754684     
   18.4537577748299     
   18.4537577748299     
   18.4537577748299     
   18.4537577748299     
   18.4726073741913     
   18.4914569735527     
   18.5103065729141     
   18.5291561722755     
   18.5668553709984     
   18.5857049703598     
   18.6234041690826     
   18.6611033678055     
   18.6799529671669     
   18.6988025665283     
   18.7176521658897     
   18.7553513646126     
   18.7742009639740     
   18.7930505633354     
   18.8119001626968     
   18.8307497620583     
   18.8495993614197     
   18.8495993614197     
   18.8495993614197     
   18.8495993614197     
   12.5915323734283     
   12.5915323734283     
   12.5726827740669     
   12.5538331747055     
   12.5538331747055     
   12.5161339759827     
   12.4972843766212     
   12.4595851778984     
   12.4030363798141     
   12.3464875817299     
   12.2710891842842     
   12.2333899855614     
   12.2145403862000     
   12.1768411874771     
   12.1579915881157     
   12.1391419887543     
   12.1391419887543     
   12.1202923893929     
   12.1202923893929     
   18.4349081754684     
   18.4537577748299     
   18.4726073741913     
   18.4726073741913     
   18.4914569735527     
   18.5103065729141     
   18.5291561722755     
   18.5480057716370     
   18.5668553709984     
   18.5668553709984     
   18.5857049703598     
   18.5857049703598     
   18.6045545697212     
   18.6234041690826     
   18.6422537684441     
   18.6611033678055     
   18.6799529671669     
   18.6988025665283     
   18.7176521658897     
   18.7365017652512     
   12.4595851778984     
   12.4595851778984     
   12.4595851778984     
   12.4407355785370     
   12.4407355785370     
   12.4407355785370     
   12.4407355785370     
   12.4407355785370     
   4.19933167920631     
  0.659386897177865     
  -6.12328090882041     
  5.432170350420765E-002
  0.000000000000000E+000
 
 Alltimebest Value =    4.19933167920631     
 
