
 ****** Best Param Values For Highest Fitness ******
 Param #:            1 Best Value =   0.234748342501392     
 Param #:            2 Best Value =    4.38996121491405     
 Param #:            3 Best Value =   0.000000000000000E+000
 
 ****** Best Outdata Values For Highest Fitness ******
   5.71142860651016     
   5.76797740459442     
   5.84337580204010     
   5.89992460012436     
   5.95647339820862     
   5.99417259693146     
   6.06957099437714     
   6.14496939182281     
   6.18266859054565     
   6.25806698799133     
   6.37116458415985     
   6.44656298160553     
   6.54081097841263     
   6.63505897521973     
   6.72930697202682     
   6.84240456819534     
   6.95550216436386     
   7.01205096244812     
   7.10629895925522     
   7.21939655542374     
   7.35134375095367     
   7.46444134712219     
   7.57753894329071     
   7.69063653945923     
   7.80373413562775     
   7.87913253307343     
   7.95453093051910     
   8.06762852668762     
   8.16187652349472     
   8.25612452030182     
   8.35037251710892     
   8.42577091455460     
   8.50116931200028     
   8.57656770944595     
   8.65196610689163     
   8.74621410369873     
   8.82161250114441     
   8.87816129922867     
   8.95355969667435     
   9.01010849475861     
   9.14205569028854     
   9.23630368709564     
   9.31170208454132     
   9.38710048198700     
   9.46249887943268     
   9.53789727687836     
   9.61329567432404     
   9.68869407176971     
   9.76409246921539     
   9.83949086666107     
   9.93373886346817     
   10.0091372609138     
   10.0845356583595     
   10.1599340558052     
   10.2164828538895     
   10.2918812513351     
   10.3484300494194     
   10.4238284468651     
   10.4803772449493     
   10.5557756423950     
   10.6311740398407     
   10.7065724372864     
   10.7819708347321     
   10.8385196328163     
   10.8950684309006     
   10.9516172289848     
   11.0270156264305     
   11.0835644245148     
   11.1401132225990     
   11.1966620206833     
   11.2532108187675     
   11.2909100174904     
   11.3474588155746     
   11.3851580142975     
   11.4605564117432     
   11.4982556104660     
   11.5548044085503     
   11.6113532066345     
   11.6490524053574     
   11.6867516040802     
   11.7433004021645     
   11.8186987996101     
   11.8752475976944     
   11.9506459951401     
   11.9883451938629     
   12.0637435913086     
   12.1014427900314     
   12.1579915881157     
   12.1956907868385     
   12.2522395849228     
   12.2710891842842     
   1.57571973515967     
  0.234748342501392     
   4.38996121491405     
