
 ****** Best Param Values For Highest Fitness ******
 Param #:            1 Best Value =   0.206272936042298     
 Param #:            2 Best Value =    4.72772797644025     
 Param #:            3 Best Value =   0.000000000000000E+000
 
 ****** Best Outdata Values For Highest Fitness ******
   15.4378218770027     
   15.3812730789185     
   15.3435738801956     
   15.3247242808342     
   15.2870250821114     
   15.2681754827499     
   15.2493258833885     
   15.1739274859428     
   15.0985290884972     
   15.0231306910515     
   14.9665818929672     
   14.9100330948830     
   14.8346346974373     
   14.8157850980759     
   14.7403867006302     
   14.6649883031845     
   14.5895899057388     
   14.4953419089317     
   14.3822443127632     
   14.3068459153175     
   14.2125979185104     
   14.1183499217033     
   14.0429515242577     
   13.9675531268120     
   13.8733051300049     
   13.7979067325592     
   13.6659595370293     
   13.5717115402222     
   13.4774635434151     
   13.4020651459694     
   13.3078171491623     
   13.2135691523552     
   13.1193211555481     
   13.0439227581024     
   12.9496747612953     
   12.8554267644882     
   12.7611787676811     
   12.6669307708740     
   12.5726827740669     
   12.4972843766212     
   12.4218859791756     
   12.3653371810913     
   12.2710891842842     
   12.1956907868385     
   12.1391419887543     
   11.8940971970558     
   11.7998492002487     
   11.6679020047188     
   11.5925036072731     
   11.4982556104660     
   11.4040076136589     
   11.3286092162132     
   11.2155116200447     
   11.0835644245148     
   10.9327676296234     
   10.8196700334549     
   10.6688732385635     
   10.5557756423950     
   10.4426780462265     
   10.3672796487808     
   10.2730316519737     
   10.1599340558052     
   10.0656860589981     
   9.99028766155243     
   9.65099487304687     
   9.55674687623978     
   9.44364928007126     
   9.33055168390274     
   9.25515328645706     
   9.14205569028854     
   9.01010849475861     
   8.91586049795151     
   8.84046210050583     
   8.72736450433731     
   8.63311650753021     
   8.59541730880737     
   8.55771811008453     
   8.53886851072311     
   8.48231971263885     
   8.46347011327743     
   8.35037251710892     
   8.16187652349472     
   8.01107972860336     
   7.87913253307343     
   7.82258373498917     
   7.70948613882065     
   7.55868934392929     
   7.42674214839935     
   7.27594535350800     
   7.16284775733948     
   7.01205096244812     
   6.88010376691818     
   6.76700617074966     
   6.65390857458115     
   6.52196137905121     
   6.37116458415985     
   6.25806698799133     
   6.18266859054565     
   6.08842059373856     
   6.03187179565430     
   6.01302219629288     
   1.08808946995873     
  0.206272936042298     
   4.72772797644025     
