
 ****** Best Param Values For Highest Fitness ******
 Param #:            1 Best Value =   0.203251672757513     
 Param #:            2 Best Value =    1.58073502147691     
 Param #:            3 Best Value =   0.000000000000000E+000
 
 ****** Best Outdata Values For Highest Fitness ******
   15.5320698738098     
   15.5132202744484     
   15.4566714763641     
   15.4189722776413     
   15.4189722776413     
   15.3812730789185     
   15.3812730789185     
   15.1927770853043     
   15.1362282872200     
   15.0796794891357     
   15.0419802904129     
   14.9854314923286     
   14.9100330948830     
   14.8346346974373     
   14.7592362999916     
   14.6838379025459     
   14.6084395051003     
   14.5141915082932     
   14.4199435114861     
   14.3256955146790     
   14.2314475178719     
   14.1748987197876     
   14.0995003223419     
   13.9864027261734     
   14.2125979185104     
   13.7790571331978     
   13.6848091363907     
   13.5717115402222     
   13.4774635434151     
   13.3643659472466     
   13.2701179504395     
   13.1947195529938     
   13.1004715561867     
   13.0250731587410     
   12.9496747612953     
   12.7423291683197     
   12.6292315721512     
   12.5538331747055     
   12.4595851778984     
   12.3841867804527     
   12.2710891842842     
   12.1956907868385     
   12.1202923893929     
   12.0260443925858     
   11.9317963957787     
   11.8563979983330     
   11.7998492002487     
   11.7244508028030     
   11.6302028059959     
   11.5359548091888     
   11.4228572130203     
   11.3286092162132     
   11.2343612194061     
   11.1589628219604     
   11.0647148251534     
   10.9704668283463     
   10.8950684309006     
   10.8196700334549     
   10.7442716360092     
   10.6311740398407     
   10.5369260430336     
   10.4426780462265     
   10.3295804500580     
   10.2164828538895     
   10.1222348570824     
   10.0091372609138     
   9.95258846282959     
   9.87719006538391     
   9.80179166793823     
   9.72639327049255     
   9.63214527368546     
   9.53789727687836     
   9.42479968070984     
   9.29285248517990     
   9.19860448837280     
   9.12320609092712     
   9.01010849475861     
   8.93471009731293     
   8.85931169986725     
   8.40692131519318     
   8.29382371902466     
   8.16187652349472     
   7.99223012924194     
   7.86028293371201     
   7.67178694009781     
   7.52099014520645     
   7.40789254903793     
   7.27594535350800     
   6.69160777330399     
   6.54081097841263     
   6.39001418352127     
   6.23921738862991     
   6.08842059373856     
   6.01302219629288     
   5.95647339820862     
   5.88107500076294     
   5.82452620267868     
   5.80567660331726     
   1.03747100799825     
  0.203251672757513     
   1.58073502147691     
