
 ****** Best Param Values For Highest Fitness ******
 Param #:            1 Best Value =   0.153098702230089     
 Param #:            2 Best Value =   -5.06894622914298     
 Param #:            3 Best Value =   0.000000000000000E+000
 
 ****** Best Outdata Values For Highest Fitness ******
   17.6432250022888     
   17.7186233997345     
   17.8128713965416     
   17.9071193933487     
   18.0202169895172     
   18.0956153869629     
   18.1898633837700     
   18.2652617812157     
   18.3406601786613     
   18.4537577748299     
   18.5480057716370     
   18.6422537684441     
   18.7553513646126     
   18.8495993614197     
   12.8931259632111     
   13.0250731587410     
   13.1570203542709     
   13.3078171491623     
   13.4209147453308     
   13.5905611395836     
   14.0995003223419     
   14.2691467165947     
   14.4010939121246     
   14.5330411076546     
   14.6649883031845     
   15.1550778865814     
   15.3247242808342     
   15.4566714763641     
   15.6263178706169     
   15.7771146655083     
   9.63214527368546     
   9.82064126729965     
   9.99028766155243     
   10.1599340558052     
   10.3295804500580     
   10.5180764436722     
   10.6877228379250     
   10.8762188315392     
   11.0270156264305     
   11.1589628219604     
   11.2532108187675     
   11.3474588155746     
   11.4040076136589     
   11.4417068123817     
  0.660801323165674     
  0.153098702230089     
  -5.06894622914298     
