
 ****** Best Param Values For Highest Fitness ******
 Param #:            1 Best Value =   0.182480487674619     
 Param #:            2 Best Value =   -4.71238801565564     
 Param #:            3 Best Value =   0.000000000000000E+000
 
 ****** Best Outdata Values For Highest Fitness ******
   15.2304762840271     
   15.1927770853043     
   15.1362282872200     
   15.0796794891357     
   15.0231306910515     
   14.9665818929672     
   14.9288826942444     
   14.8723338961601     
   14.8157850980759     
   14.7592362999916     
   14.7026875019073     
   14.6461387038231     
   14.5895899057388     
   14.5330411076546     
   14.4764923095703     
   14.4199435114861     
   14.3822443127632     
   14.3256955146790     
   14.2691467165947     
   14.2314475178719     
   14.1560491204262     
   14.0995003223419     
   14.0429515242577     
   14.0052523255348     
   13.9487035274506     
   13.9110043287277     
   13.8733051300049     
   13.4020651459694     
   13.3455163478851     
   13.2889675498009     
   13.2135691523552     
   13.1381707549095     
   13.0627723574638     
   12.9496747612953     
   12.8931259632111     
   12.8177275657654     
   12.2710891842842     
   12.1956907868385     
   12.1391419887543     
   12.0825931906700     
   12.0071947932243     
   11.9506459951401     
   11.9129467964172     
   11.8375483989716     
   11.7809996008873     
   11.7433004021645     
   11.6867516040802     
   11.6302028059959     
   11.5736540079117     
   11.5171052098274     
   11.4605564117432     
   11.4228572130203     
   11.3663084149361     
   11.3097596168518     
   11.2532108187675     
   11.1966620206833     
   11.1401132225990     
   11.0647148251534     
   10.9893164277077     
   10.9327676296234     
   10.8762188315392     
   10.8196700334549     
   10.7631212353706     
   10.7065724372864     
   10.6500236392021     
   10.6123244404793     
   10.5557756423950     
   10.4803772449493     
   10.4238284468651     
   10.3484300494194     
   10.2730316519737     
   10.2164828538895     
   10.1410844564438     
   10.0656860589981     
   9.99028766155243     
   9.91488926410675     
   9.85834046602249     
   9.80179166793823     
   9.72639327049255     
   9.66984447240830     
   9.57559647560120     
   9.51904767751694     
   9.44364928007126     
   9.36825088262558     
   9.27400288581848     
   9.19860448837280     
   9.12320609092712     
   9.06665729284287     
   9.01010849475861     
   8.99125889539719     
   8.95355969667435     
   8.91586049795151     
   8.87816129922867     
   8.82161250114441     
   8.76506370306015     
   1.27730942295523     
  0.182480487674619     
  -4.71238801565564     
