
 ****** Best Param Values For Highest Fitness ******
 Param #:            1 Best Value =    5.08224717900985     
 Param #:            2 Best Value =   0.953429286417285     
 Param #:            3 Best Value =   0.393987457179697     
 
 ****** Best Outdata Values For Highest Fitness ******
   54.4435069717773     
   5.08224717900985     
  0.953429286417285     
  0.393987457179697     
  2.641969639615782E-308
  1.061615381143610E+292
  1.061613014682102E+292
  1.001283236328241E-307
  1.004033342873332E-307
  6.366048877744684E-313
  1.913524134566293E-307
  2.641519778096273E-308
  5.092789898366060E-313
  0.000000000000000E+000
  2.641596168324193E-308
  1.909796212066371E-313
  2.121995792941535E-314
  2.121995790965272E-314
