
 ****** Best Param Values For Highest Fitness ******
 Param #:            1 Best Value =    9.54069244913062     
 Param #:            2 Best Value =    1.59502035995758     
 Param #:            3 Best Value =    1.18529959487606     
 Param #:            4 Best Value =    4.67058662251757     
 Param #:            5 Best Value =    4.03450556110810     
 Param #:            6 Best Value =    8.63928710393604     
 Param #:            7 Best Value =    8.35295374262804     
 Param #:            8 Best Value =   0.386660664830512     
 
 ****** Best Outdata Values For Highest Fitness ******
   6.69160777330399     
   6.74815657138824     
   6.82355496883392     
   6.93665256500244     
   7.03090056180954     
   7.12514855861664     
   7.23824615478516     
   7.35134375095367     
   7.44559174776077     
   7.57753894329071     
   7.69063653945923     
   7.82258373498917     
   7.95453093051910     
   8.10532772541046     
   8.21842532157898     
   8.31267331838608     
   8.44462051391602     
   8.52001891136169     
   8.61426690816879     
   8.70851490497589     
   8.84046210050583     
   8.97240929603577     
   9.04780769348145     
   9.12320609092712     
   9.19860448837280     
   9.29285248517990     
   9.36825088262558     
   9.44364928007126     
   9.51904767751694     
   9.61329567432404     
   9.70754367113113     
   9.78294206857681     
   9.89603966474533     
   10.0468364596367     
   10.1787836551666     
   10.2541820526123     
   10.3295804500580     
   10.6311740398407     
   10.7631212353706     
   10.8573692321777     
   10.9516172289848     
   11.0835644245148     
   11.1778124213219     
   11.2909100174904     
   11.3851580142975     
   11.4794060111046     
   11.5736540079117     
   11.6679020047188     
   11.7621500015259     
   11.8563979983330     
   11.9506459951401     
   12.0448939919472     
   12.1202923893929     
   12.2145403862000     
   12.2899387836456     
   12.3464875817299     
   12.4218859791756     
   12.4784347772598     
   12.5726827740669     
   12.6292315721512     
   12.8742763638496     
   12.9308251619339     
   13.0062235593796     
   13.0627723574638     
   13.1570203542709     
   13.2135691523552     
   13.2889675498009     
   13.3455163478851     
   13.4209147453308     
   13.4586139440536     
   13.5340123414993     
   13.6094107389450     
   13.6848091363907     
   13.7413579344749     
   13.7979067325592     
   13.8544555306435     
   13.8544555306435     
   13.8733051300049     
   13.9298539280891     
   13.9864027261734     
   14.0618011236191     
   14.1183499217033     
   14.1748987197876     
   14.2314475178719     
   14.2879963159561     
   14.3633947134018     
   14.4576427102089     
   14.5330411076546     
   14.6272891044617     
   14.7215371012688     
   14.7780858993530     
   14.8346346974373     
   14.8911834955215     
   14.9288826942444     
   14.9854314923286     
   15.0608298897743     
   15.1173786878586     
   15.1927770853043     
   15.2493258833885     
   15.3435738801956     
   15.4001226782799     
   15.4943706750870     
   15.5509194731712     
   15.6074682712555     
   15.6828666687012     
   15.7582650661469     
   15.7959642648697     
   15.8525130629539     
   15.9090618610382     
   15.9656106591225     
   16.0033098578453     
   16.0410090565681     
   16.0787082552910     
   16.0975578546524     
   16.1164074540138     
  0.289597215091719     
  0.206000000238419     
   1.59502035995758     
   1.18529959487606     
   4.67058662251757     
   4.03450556110810     
  3.900000080466270E-002
  0.000000000000000E+000
  0.000000000000000E+000
 
 Alltimebest Value =   0.289597215091719     
 
          3.160449          3.160449          0.018850          6.691608
          3.160449          6.176385          0.018850          6.748157
          3.160449          6.270633          0.018850          6.823555
          3.160449          6.327182          0.018850          6.936653
          3.160449          6.421430          0.018850          7.030901
          3.160449          6.534528          0.018850          7.125149
          3.160449          6.628776          0.018850          7.238246
          3.160449          6.760723          0.018850          7.351344
          3.160449          6.911520          0.018850          7.445592
          3.160449          7.043467          0.018850          7.577539
          3.160449          7.552406          0.018850          7.690637
          3.160449          7.684353          0.018850          7.822584
          3.160449          7.797451          0.018850          7.954531
          3.160449          7.929398          0.018850          8.105328
          3.160449          8.023646          6.069571          8.218425
          3.160449          8.099045          6.088421          8.312673
          3.160449          8.212142          6.144969          8.444621
          5.761694          8.325240          6.239217          8.520019
          5.799393          8.457187          6.314616          8.614267
          5.837093          8.589134          6.427713          8.708515
          5.931341          8.721081          6.559661          8.840462
          5.987889          8.834179          6.691608          8.972409
          6.063288          8.947276          6.804705          9.047808
          6.214085          9.324268          6.917803          9.123206
          6.364881          9.380817          7.049750          9.198604
          6.534528          9.456216          7.200547          9.292852
          6.704174          9.512764          7.313645          9.368251
          7.288512          9.588163          7.464441          9.443649
          7.420459          9.644712          7.596389          9.519048
          7.533557          9.720110          7.747185          9.613296
          7.684353          9.795508          7.860283          9.707544
          7.872849          9.852057          7.916832          9.782942
          8.004797          9.889756          8.029929          9.896040
          8.155593          9.965155          8.199576         10.046836
          8.306390         10.040553          8.388072         10.178784
          8.419488         10.134801          8.501169         10.254182
          8.853029         10.210200          8.520019         10.329580
          8.928427         10.304448          8.576568         10.631174
          9.003825         10.379846          8.595417         10.763121
          9.116923         10.455244          8.633117         10.857369
          9.192321         10.511793          8.670816         10.951617
          9.286569         10.606041          8.765064         11.083564
          9.418516         10.700289          8.878161         11.177812
          9.531614         10.775688          8.953560         11.290910
          9.607012         10.851086          9.066657         11.385158
          9.701260         10.964184          9.198604         11.479406
          9.776659         11.039582          9.311702         11.573654
          9.852057         11.133830          9.387100         11.667902
          9.927456         11.228078          9.500198         11.762150
          9.984004         11.303476          9.613296         11.856398
         10.097102         11.360025          9.707544         11.950646
         10.191350         11.416574         10.065686         12.044894
         10.285598         11.510822         10.141084         12.120292
         10.417545         11.586220         10.235332         12.214540
         10.511793         11.680468         10.348430         12.289939
         10.587192         11.755867         10.442678         12.346488
         10.719139         11.831265         10.518076         12.421886
         10.794537         11.925513         10.631174         12.478435
         10.869936         12.000912         10.744272         12.572683
         10.945334         12.095160         10.895068         12.629232
         11.039582         12.170558         11.008166         12.874276
         11.114980         12.245956         11.158963         12.930825
         11.209228         12.302505         11.290910         13.006224
         11.303476         12.340204         11.404008         13.062772
         11.397724         12.377904         11.479406         13.157020
         11.510822         12.434452         11.573654         13.213569
         11.605070         12.472152         11.667902         13.288968
         11.680468         12.547550         11.743300         13.345516
         11.774716         12.604099         11.875248         13.420915
         11.831265         12.660648         11.969496         13.458614
         11.906664         12.736046         12.195691         13.534012
         12.000912         12.792595         12.271089         13.609411
         12.095160         12.849144         12.327638         13.684809
         12.170558         12.924542         12.421886         13.741358
         12.245956         12.999940         12.478435         13.797907
         12.359054         13.056489         12.553833         13.854456
         12.453302         13.113038         12.629232         13.854456
         12.528700         13.320384         12.723480         13.873305
         12.622948         13.376932         12.817728         13.929854
         12.717196         13.452331         12.911976         13.986403
         12.943392         13.508880         13.006224         14.061801
         13.018790         13.603128         13.081622         14.118350
         13.094188         13.678526         13.175870         14.174899
         13.188436         13.753924         13.251268         14.231448
         13.263835         13.829323         13.345516         14.287996
         13.358083         13.904721         13.439764         14.363395
         13.471180         13.998969         13.534012         14.457643
         13.584278         14.074368         13.609411         14.533041
         13.678526         14.168616         13.703659         14.627289
         13.791624         14.244014         13.835606         14.721537
         14.225164         14.319412         13.929854         14.778086
         13.980120         14.413660         14.005252         14.834635
         14.093217         14.470209         14.099500         14.891183
         14.168616         14.583307         14.174899         14.928883
         14.225164         14.639856         14.250297         14.985431
         14.319412         14.734104         14.344545         15.060830
         14.413660         14.809502         14.419944         15.117379
         14.507908         14.903750         14.533041         15.192777
          0.206000         14.979148         14.646139         15.249326
          1.595020         15.054547         14.721537         15.343574
          1.185300         15.148795         14.796935         15.400123
          4.670587         15.224193          0.206000         15.494371
          4.034506         15.280742          1.595020         15.550919
          0.039000         15.337291          1.185300         15.607468
          0.000000         15.393839          4.670587         15.682867
          0.000000         15.450388          4.034506         15.758265
          0.000000         15.488087          0.039000         15.795964
          0.000000         15.525787          0.000000         15.852513
          0.000000         15.563486          0.000000         15.909062
          0.000000         15.620035          0.000000         15.965611
          0.000000         15.789681          0.000000         16.003310
          0.000000         15.827380          0.000000         16.041009
          0.000000         15.846230          0.000000         16.078708
          0.000000         15.883929          0.000000         16.097558
          0.000000          0.206000          0.000000         16.116407
          0.000000          1.595020          0.000000          0.206000
          0.000000          1.185300          0.000000          1.595020
          0.000000          4.670587          0.000000          1.185300
          0.000000          4.034506          0.000000          4.670587
          0.000000          0.039000          0.000000          4.034506
          0.000000          0.000000          0.000000          0.039000
          0.000000          0.000000          0.000000          0.000000
          0.000000          0.000000          0.000000          0.000000
