
 ****** Best Param Values For Highest Fitness ******
 Param #:            1 Best Value =   0.161633771009605     
 Param #:            2 Best Value =    1.60393671216364     
 Param #:            3 Best Value =   0.000000000000000E+000
 
 ****** Best Outdata Values For Highest Fitness ******
   17.2662330150604     
   17.2850826144218     
   17.3039322137833     
   17.3227818131447     
   17.3416314125061     
   17.3981802105904     
   17.4924282073975     
   17.5866762042046     
   17.6809242010117     
   17.7563225984573     
   17.8317209959030     
   17.9071193933487     
   18.0013673901558     
   18.0956153869629     
   18.1898633837700     
   18.3029609799385     
   18.3783593773842     
   18.4537577748299     
   18.4914569735527     
   18.7930505633354     
   18.8495993614197     
   12.6857803702354     
   12.7988779664040     
   12.8931259632111     
   13.0062235593796     
   13.1570203542709     
   13.5528619408607     
   13.7225083351135     
   13.9298539280891     
   14.1183499217033     
   14.2879963159561     
   14.4199435114861     
   14.8157850980759     
   14.9288826942444     
   15.0231306910515     
   15.1550778865814     
   15.2870250821114     
   15.4378218770027     
   15.5697690725327     
   9.42479968070984     
   9.53789727687836     
   9.66984447240830     
   9.76409246921539     
   9.91488926410675     
   10.0468364596367     
   10.1976332545280     
   10.3484300494194     
   10.4992268443108     
   10.6688732385635     
   10.8385196328163     
   10.9327676296234     
   10.9704668283463     
   11.0081660270691     
   11.0270156264305     
   11.0458652257919     
  0.548281920000425     
  0.161633771009605     
   1.60393671216364     
